#
# There is insufficient memory for the Java Runtime Environment to continue.
# Native memory allocation (malloc) failed to allocate 1048576 bytes for AllocateHeap
# Possible reasons:
#   The system is out of physical RAM or swap space
#   The process is running with CompressedOops enabled, and the Java Heap may be blocking the growth of the native heap
# Possible solutions:
#   Reduce memory load on the system
#   Increase physical memory or swap space
#   Check if swap backing store is full
#   Decrease Java heap size (-Xmx/-Xms)
#   Decrease number of Java threads
#   Decrease Java thread stack sizes (-Xss)
#   Set larger code cache with -XX:ReservedCodeCacheSize=
#   JVM is running with Zero Based Compressed Oops mode in which the Java heap is
#     placed in the first 32GB address space. The Java Heap base address is the
#     maximum limit for the native heap growth. Please use -XX:HeapBaseMinAddress
#     to set the Java Heap base and to place the Java Heap above 32GB virtual address.
# This output file may be truncated or incomplete.
#
#  Out of Memory Error (allocation.cpp:44), pid=29148, tid=29212
#
# JRE version:  (17.0.9+11) (build )
# Java VM: Java HotSpot(TM) 64-Bit Server VM (17.0.9+11-LTS-201, mixed mode, sharing, tiered, compressed oops, compressed class ptrs, g1 gc, windows-amd64)
# No core dump will be written. Minidumps are not enabled by default on client versions of Windows
#

---------------  S U M M A R Y ------------

Command Line: -Dfile.encoding=UTF-8 --module-path=C:\Users\ASUS\Documents\NetBeansProjects\IMIT ATTENDANCE\build\classes imit.attendance.Dashboard

Host: AMD Ryzen 5 5600H with Radeon Graphics         , 12 cores, 15G,  Windows 11 , 64 bit Build 22621 (10.0.22621.3085)
Time: Mon Feb 26 16:38:34 2024 India Standard Time elapsed time: 0.018316 seconds (0d 0h 0m 0s)

---------------  T H R E A D  ---------------

Current thread (0x00000212d7b1cdd0):  JavaThread "Unknown thread" [_thread_in_vm, id=29212, stack(0x000000c209000000,0x000000c209100000)]

Stack: [0x000000c209000000,0x000000c209100000]
Native frames: (J=compiled Java code, j=interpreted, Vv=VM code, C=native code)
V  [jvm.dll+0x678a4a]
V  [jvm.dll+0x7d9cfd]
V  [jvm.dll+0x7db60e]
V  [jvm.dll+0x7dbc73]
V  [jvm.dll+0x245e1f]
V  [jvm.dll+0xa5173]
V  [jvm.dll+0x2e389e]
V  [jvm.dll+0x2db5bb]
V  [jvm.dll+0x7ab6b1]
V  [jvm.dll+0x368041]
V  [jvm.dll+0x78a749]
V  [jvm.dll+0x3ebd4f]
V  [jvm.dll+0x3ed7d1]
C  [jli.dll+0x5297]
C  [ucrtbase.dll+0x29363]
C  [KERNEL32.DLL+0x1257d]
C  [ntdll.dll+0x5aa58]


---------------  P R O C E S S  ---------------

Threads class SMR info:
_java_thread_list=0x00007ffbd33d89d8, length=0, elements={
}

Java Threads: ( => current thread )

Other Threads:
  0x00000212d7b883d0 GCTaskThread "GC Thread#0" [stack: 0x000000c209100000,0x000000c209200000] [id=29216]

[error occurred during error reporting (printing all threads), id 0xc0000005, EXCEPTION_ACCESS_VIOLATION (0xc0000005) at pc=0x00007ffbd2c08810]

VM state: not at safepoint (not fully initialized)

VM Mutex/Monitor currently owned by a thread:  ([mutex/lock_event])
[0x00000212d7b18940] Heap_lock - owner thread: 0x00000212d7b1cdd0

Heap address: 0x0000000709800000, size: 3944 MB, Compressed Oops mode: Zero based, Oop shift amount: 3

CDS archive(s) mapped at: [0x0000000000000000-0x0000000000000000-0x0000000000000000), size 0, SharedBaseAddress: 0x0000000800000000, ArchiveRelocationMode: 1.
Narrow klass base: 0x0000000000000000, Narrow klass shift: 0, Narrow klass range: 0x0

GC Precious Log:
<Empty>

Heap:
 garbage-first heap   total 0K, used 0K [0x0000000709800000, 0x0000000800000000)
  region size 2048K, 0 young (0K), 0 survivors (0K)

[error occurred during error reporting (printing heap information), id 0xc0000005, EXCEPTION_ACCESS_VIOLATION (0xc0000005) at pc=0x00007ffbd2ff2229]

GC Heap History (0 events):
No events

Deoptimization events (0 events):
No events

Classes unloaded (0 events):
No events

Classes redefined (0 events):
No events

Internal exceptions (0 events):
No events

VM Operations (0 events):
No events

Events (1 events):
Event: 0.012 Loaded shared library C:\Program Files\Java\jdk-17\bin\java.dll


Dynamic libraries:
0x00007ff742560000 - 0x00007ff742570000 	C:\Program Files\Java\jdk-17\bin\java.exe
0x00007ffc45710000 - 0x00007ffc45927000 	C:\Windows\SYSTEM32\ntdll.dll
0x00007ffc445e0000 - 0x00007ffc446a4000 	C:\Windows\System32\KERNEL32.DLL
0x00007ffc43030000 - 0x00007ffc433d6000 	C:\Windows\System32\KERNELBASE.dll
0x00007ffc42e40000 - 0x00007ffc42f51000 	C:\Windows\System32\ucrtbase.dll
0x00007ffc32c80000 - 0x00007ffc32c99000 	C:\Program Files\Java\jdk-17\bin\jli.dll
0x00007ffc39580000 - 0x00007ffc3959b000 	C:\Program Files\Java\jdk-17\bin\VCRUNTIME140.dll
0x00007ffc446f0000 - 0x00007ffc447a3000 	C:\Windows\System32\ADVAPI32.dll
0x00007ffc43850000 - 0x00007ffc438f7000 	C:\Windows\System32\msvcrt.dll
0x00007ffc44530000 - 0x00007ffc445d8000 	C:\Windows\System32\sechost.dll
0x00007ffc42f60000 - 0x00007ffc42f88000 	C:\Windows\System32\bcrypt.dll
0x00007ffc44e20000 - 0x00007ffc44f37000 	C:\Windows\System32\RPCRT4.dll
0x00007ffc436a0000 - 0x00007ffc4384e000 	C:\Windows\System32\USER32.dll
0x00007ffc42e10000 - 0x00007ffc42e36000 	C:\Windows\System32\win32u.dll
0x00007ffc43460000 - 0x00007ffc43489000 	C:\Windows\System32\GDI32.dll
0x00007ffc2e5c0000 - 0x00007ffc2e853000 	C:\Windows\WinSxS\amd64_microsoft.windows.common-controls_6595b64144ccf1df_6.0.22621.2506_none_270c5ae97388e100\COMCTL32.dll
0x00007ffc42cf0000 - 0x00007ffc42e08000 	C:\Windows\System32\gdi32full.dll
0x00007ffc42f90000 - 0x00007ffc4302a000 	C:\Windows\System32\msvcp_win.dll
0x00007ffc3bab0000 - 0x00007ffc3baba000 	C:\Windows\SYSTEM32\VERSION.dll
0x00007ffc446b0000 - 0x00007ffc446e1000 	C:\Windows\System32\IMM32.DLL
0x00007ffc3db40000 - 0x00007ffc3db4c000 	C:\Program Files\Java\jdk-17\bin\vcruntime140_1.dll
0x00007ffc2d850000 - 0x00007ffc2d8de000 	C:\Program Files\Java\jdk-17\bin\msvcp140.dll
0x00007ffbd2920000 - 0x00007ffbd3501000 	C:\Program Files\Java\jdk-17\bin\server\jvm.dll
0x00007ffc44e00000 - 0x00007ffc44e08000 	C:\Windows\System32\PSAPI.DLL
0x00007ffc3ee90000 - 0x00007ffc3ee99000 	C:\Windows\SYSTEM32\WSOCK32.dll
0x00007ffc3a810000 - 0x00007ffc3a844000 	C:\Windows\SYSTEM32\WINMM.dll
0x00007ffc45470000 - 0x00007ffc454e1000 	C:\Windows\System32\WS2_32.dll
0x00007ffc41a90000 - 0x00007ffc41aa8000 	C:\Windows\SYSTEM32\kernel.appcore.dll
0x00007ffc3db20000 - 0x00007ffc3db2a000 	C:\Program Files\Java\jdk-17\bin\jimage.dll
0x00007ffc400f0000 - 0x00007ffc40323000 	C:\Windows\SYSTEM32\DBGHELP.DLL
0x00007ffc450e0000 - 0x00007ffc45469000 	C:\Windows\System32\combase.dll
0x00007ffc454f0000 - 0x00007ffc455c7000 	C:\Windows\System32\OLEAUT32.dll
0x00007ffc2f640000 - 0x00007ffc2f672000 	C:\Windows\SYSTEM32\dbgcore.DLL
0x00007ffc433e0000 - 0x00007ffc4345a000 	C:\Windows\System32\bcryptPrimitives.dll
0x00007ffc37650000 - 0x00007ffc37675000 	C:\Program Files\Java\jdk-17\bin\java.dll

dbghelp: loaded successfully - version: 4.0.5 - missing functions: none
symbol engine: initialized successfully - sym options: 0x614 - pdb path: .;C:\Program Files\Java\jdk-17\bin;C:\Windows\SYSTEM32;C:\Windows\WinSxS\amd64_microsoft.windows.common-controls_6595b64144ccf1df_6.0.22621.2506_none_270c5ae97388e100;C:\Program Files\Java\jdk-17\bin\server

VM Arguments:
jvm_args: -Dfile.encoding=UTF-8 --module-path=C:\Users\ASUS\Documents\NetBeansProjects\IMIT ATTENDANCE\build\classes 
java_command: imit.attendance.Dashboard
java_class_path (initial): D:\jcalendar-1.4\lib\jcalendar-1.4.jar;C:\Users\ASUS\Documents\NetBeansProjects\IMIT ATTENDANCE\build\classes
Launcher Type: SUN_STANDARD

[Global flags]
     intx CICompilerCount                          = 4                                         {product} {ergonomic}
     uint ConcGCThreads                            = 3                                         {product} {ergonomic}
     uint G1ConcRefinementThreads                  = 10                                        {product} {ergonomic}
   size_t G1HeapRegionSize                         = 2097152                                   {product} {ergonomic}
    uintx GCDrainStackTargetSize                   = 64                                        {product} {ergonomic}
   size_t InitialHeapSize                          = 260046848                                 {product} {ergonomic}
   size_t MarkStackSize                            = 4194304                                   {product} {ergonomic}
   size_t MaxHeapSize                              = 4135583744                                {product} {ergonomic}
   size_t MinHeapDeltaBytes                        = 2097152                                   {product} {ergonomic}
   size_t MinHeapSize                              = 8388608                                   {product} {ergonomic}
    uintx NonNMethodCodeHeapSize                   = 5839372                                {pd product} {ergonomic}
    uintx NonProfiledCodeHeapSize                  = 122909434                              {pd product} {ergonomic}
    uintx ProfiledCodeHeapSize                     = 122909434                              {pd product} {ergonomic}
    uintx ReservedCodeCacheSize                    = 251658240                              {pd product} {ergonomic}
     bool SegmentedCodeCache                       = true                                      {product} {ergonomic}
   size_t SoftMaxHeapSize                          = 4135583744                             {manageable} {ergonomic}
     bool UseCompressedClassPointers               = true                           {product lp64_product} {ergonomic}
     bool UseCompressedOops                        = true                           {product lp64_product} {ergonomic}
     bool UseG1GC                                  = true                                      {product} {ergonomic}
     bool UseLargePagesIndividualAllocation        = false                                  {pd product} {ergonomic}

Logging:
Log output configuration:
 #0: stdout all=warning uptime,level,tags
 #1: stderr all=off uptime,level,tags

Environment Variables:
PATH=C:\Program Files\Common Files\Oracle\Java\javapath;C:\Windows\system32;C:\Windows;C:\Windows\System32\Wbem;C:\Windows\System32\WindowsPowerShell\v1.0\;C:\Windows\System32\OpenSSH\;C:\Program Files\Java\jdk-21\bin;C:\Program Files\Git\cmd;C:\Program Files\Git\mingw64\bin;C:\Program Files\Git\usr\bin;C:\Program Files\nodejs\;C:\Program Files\MySQL\MySQL Shell 8.0\bin\;C:\Users\ASUS\AppData\Local\Microsoft\WindowsApps;C:\Users\ASUS\AppData\Local\Programs\Microsoft VS Code\bin;C:\Program Files\JetBrains\IntelliJ IDEA Community Edition 2023.2.5\bin;;C:\Users\ASUS\AppData\Local\GitHubDesktop\bin;C:\Users\ASUS\AppData\Roaming\npm;C:\Program Files\Java\jdk-21\bin;
USERNAME=ASUS
OS=Windows_NT
PROCESSOR_IDENTIFIER=AMD64 Family 25 Model 80 Stepping 0, AuthenticAMD



---------------  S Y S T E M  ---------------

OS:
 Windows 11 , 64 bit Build 22621 (10.0.22621.3085)
OS uptime: 6 days 19:53 hours

CPU: total 12 (initial active 12) (12 cores per cpu, 2 threads per core) family 25 model 80 stepping 0 microcode 0x0, cx8, cmov, fxsr, ht, mmx, 3dnowpref, sse, sse2, sse3, ssse3, sse4a, sse4.1, sse4.2, popcnt, lzcnt, tsc, tscinvbit, avx, avx2, aes, erms, clmul, bmi1, bmi2, adx, sha, fma, vzeroupper, clflush, clflushopt

Memory: 4k page, system-wide physical 15773M (777M free)
TotalPageFile size 41448M (AvailPageFile size 5M)
current process WorkingSet (physical memory assigned to process): 11M, peak: 11M
current process commit charge ("private bytes"): 60M, peak: 61M

vm_info: Java HotSpot(TM) 64-Bit Server VM (17.0.9+11-LTS-201) for windows-amd64 JRE (17.0.9+11-LTS-201), built on Oct 10 2023 23:16:06 by "mach5one" with MS VC++ 17.1 (VS2022)

END.
